
Showing logs for build [32mjstrachan-bdd-nh-1582910159-mas-7fv7z-1[0m stage [32mfrom-build-pack[0m and container [32mstep-credential-initializer-d6tb4[0m
{"level":"warn","ts":1582910246.5508263,"logger":"fallback-logger","caller":"logging/config.go:69","msg":"Fetch GitHub commit ID from kodata failed: \"ref: refs/heads/0.8.0-**-support-backwards-incompats\" is not a valid GitHub commit ID"}
{"level":"info","ts":1582910246.5513453,"logger":"fallback-logger","caller":"creds-init/main.go:40","msg":"Credentials initialized."}

Showing logs for build [32mjstrachan-bdd-nh-1582910159-mas-7fv7z-1[0m stage [32mfrom-build-pack[0m and container [32mstep-working-dir-initializer-6twhn[0m
{"level":"warn","ts":1582910247.6605554,"logger":"fallback-logger","caller":"logging/config.go:69","msg":"Fetch GitHub commit ID from kodata failed: open /var/run/ko/HEAD: no such file or directory"}
{"level":"info","ts":1582910247.6617584,"logger":"fallback-logger","caller":"bash/main.go:64","msg":"Successfully executed command \"sh -c mkdir -p /workspace/source\"; output "}

Showing logs for build [32mjstrachan-bdd-nh-1582910159-mas-7fv7z-1[0m stage [32mfrom-build-pack[0m and container [32mstep-place-tools[0m

Showing logs for build [32mjstrachan-bdd-nh-1582910159-mas-7fv7z-1[0m stage [32mfrom-build-pack[0m and container [32mstep-git-source-jstrachan-bdd-nh-1582910159-mas-7fv7z-tdxzt[0m
{"level":"warn","ts":1582910274.7396767,"logger":"fallback-logger","caller":"logging/config.go:69","msg":"Fetch GitHub commit ID from kodata failed: \"ref: refs/heads/0.8.0-**-support-backwards-incompats\" is not a valid GitHub commit ID"}
{"level":"info","ts":1582910275.7970967,"logger":"fallback-logger","caller":"git/git.go:103","msg":"Successfully cloned https://github.com/*********/bdd-nh-1582910159.git @ v0.0.1 in path /workspace/source"}

Showing logs for build [32mjstrachan-bdd-nh-1582910159-mas-7fv7z-1[0m stage [32mfrom-build-pack[0m and container [32mstep-git-merge[0m
Using SHAs from PULL_REFS=master:
WARNING: no SHAs to merge, falling back to initial cloned commit

Showing logs for build [32mjstrachan-bdd-nh-1582910159-mas-7fv7z-1[0m stage [32mfrom-build-pack[0m and container [32mstep-setup-jx-git-credentials[0m
Generated Git credentials file /workspace/xdg_config/git/credentials

Showing logs for build [32mjstrachan-bdd-nh-1582910159-mas-7fv7z-1[0m stage [32mfrom-build-pack[0m and container [32mstep-build-npmrc[0m
Command "credential" is deprecated, it will be removed on Jun 1 2020.  This is replaced by Tekton's mounted secrets
WARNING: failed to find Secret npm-token in namespace **

Showing logs for build [32mjstrachan-bdd-nh-1582910159-mas-7fv7z-1[0m stage [32mfrom-build-pack[0m and container [32mstep-build-npm-install[0m
npm notice created a lockfile as package-lock.json. You should commit this file.
npm WARN REPLACE_ME@1.0.0 No repository field.
npm WARN REPLACE_ME@1.0.0 No license field.

up to date in 0.409s
found 0 vulnerabilities


Showing logs for build [32mjstrachan-bdd-nh-1582910159-mas-7fv7z-1[0m stage [32mfrom-build-pack[0m and container [32mstep-build-npm-test[0m

> REPLACE_ME@1.0.0 test /workspace/source
> echo "no test specified" && exit 0

no test specified

Showing logs for build [32mjstrachan-bdd-nh-1582910159-mas-7fv7z-1[0m stage [32mfrom-build-pack[0m and container [32mstep-build-container-build[0m
ERROR: logging before flag.Parse: E0228 17:18:02.561879      11 metadata.go:241] Failed to unmarshal scopes: invalid character 'h' looking for beginning of value
[36mINFO[0m[0000] Downloading base image node:9-slim           
ERROR: logging before flag.Parse: E0228 17:18:02.641608      11 metadata.go:142] while reading 'google-dockercfg' metadata: http status code: 404 while fetching url http://metadata.google.internal./computeMetadata/v1/instance/attributes/google-dockercfg
ERROR: logging before flag.Parse: E0228 17:18:02.643833      11 metadata.go:159] while reading 'google-dockercfg-url' metadata: http status code: 404 while fetching url http://metadata.google.internal./computeMetadata/v1/instance/attributes/google-dockercfg-url
2020/02/28 17:18:02 No matching credentials were found, falling back on anonymous
[36mINFO[0m[0001] Error while retrieving image from cache: getting file info: stat /workspace/sha256:0e0175bbe4f8d9d104590d8d2c591017874e30977cb71aaff1cf6fa99479575c: no such file or directory 
[36mINFO[0m[0001] Downloading base image node:9-slim           
2020/02/28 17:18:03 No matching credentials were found, falling back on anonymous
[36mINFO[0m[0002] Executing 0 build triggers                   
[36mINFO[0m[0002] cmd: EXPOSE                                  
[36mINFO[0m[0002] Adding exposed port: 8080/tcp                
[36mINFO[0m[0002] Using files from context: [/workspace/source] 
[36mINFO[0m[0002] Skipping unpacking as no commands require it. 
[36mINFO[0m[0002] Taking snapshot of full filesystem...        
[36mINFO[0m[0002] ENV PORT 8080                                
[36mINFO[0m[0002] No files changed in this command, skipping snapshotting. 
[36mINFO[0m[0002] EXPOSE 8080                                  
[36mINFO[0m[0002] cmd: EXPOSE                                  
[36mINFO[0m[0002] Adding exposed port: 8080/tcp                
[36mINFO[0m[0002] No files changed in this command, skipping snapshotting. 
[36mINFO[0m[0002] WORKDIR /usr/src/app                         
[36mINFO[0m[0002] cmd: workdir                                 
[36mINFO[0m[0002] Changed working directory to /usr/src/app    
[36mINFO[0m[0002] Creating directory /usr/src/app              
[36mINFO[0m[0002] Taking snapshot of files...                  
[36mINFO[0m[0002] Using files from context: [/workspace/source] 
[36mINFO[0m[0002] COPY . .                                     
[36mINFO[0m[0002] Taking snapshot of files...                  
[36mINFO[0m[0002] CMD ["npm", "start"]                         
[36mINFO[0m[0002] No files changed in this command, skipping snapshotting. 
2020/02/28 17:18:05 existing blob: sha256:7d083412657baa2dafba8d093034ef26f9ed2c90fb6ed95f76bb55aff03ed429
2020/02/28 17:18:05 existing blob: sha256:196b8e3c919d5639193ba6c6e54774528942041bbc37606631a2250502985c3c
2020/02/28 17:18:05 existing blob: sha256:e01bd28a434b56ffd2a3fe9aa99b9b69aecca69904843edd30b1ee7150d79904
2020/02/28 17:18:05 existing blob: sha256:a88538b9cd05cfa611e43a25582a95ad7879f6fa708b0386a26b71ee62235bb3
2020/02/28 17:18:05 existing blob: sha256:5bba3ecb4cd6374a19da45f2a3db0a9c0804984358b3bb4b666c28944016e5ff
2020/02/28 17:18:08 pushed blob: sha256:b0764e6a14d8a77f827e36184d9ced2ba9c67b5ffb69a8271b0b9e5df8c8eaf6
2020/02/28 17:18:08 pushed blob: sha256:b5ba9db307244a3db23516dbdf38823f1de42043a25ea33546742760aa5df010
2020/02/28 17:18:08 pushed blob: sha256:0fd435030896873eb184780383ce04abac4f28638d29c6a44492049c5834e688
2020/02/28 17:18:10 gcr.io/*********-multicluster/bdd-nh-1582910159:0.0.1: digest: sha256:8e482c9cb7e8a104ca8707163a7a37f41fbd402e161577350e62148b641ee38b size: 1404

Showing logs for build [32mjstrachan-bdd-nh-1582910159-mas-7fv7z-1[0m stage [32mfrom-build-pack[0m and container [32mstep-build-post-build[0m
no CVE provider running in the current ** namespace so skip adding image to be analysed

Showing logs for build [32mjstrachan-bdd-nh-1582910159-mas-7fv7z-1[0m stage [32mfrom-build-pack[0m and container [32mstep-promote-changelog[0m
Converted /workspace/source/charts/bdd-nh-1582910159 to an unshallow repository
Generating change log from git ref 5dc9a15e3a49d0588312c905ef6ee9e1445ff55c => 784ed81a8a1052a9f349ddcd485ff4a78deea091
Associating user x-0 in users.jenkins.io with email james.strachan@gmail.com to git GitProvider user with login -0 as emails match
Adding label jenkins.io/git-github-userid=-0 to user x-0 in users.jenkins.io
WARNING: Failed to enrich commit bf4fa4a52b9bb05636294b2e2b26eec63dbf9765 with issues: User.jenkins.io "x-0" is invalid: metadata.labels: Invalid value: "-0": a valid label must be an empty string or consist of alphanumeric characters, '-', '_' or '.', and must start and end with an alphanumeric character (e.g. 'MyValue',  or 'my_value',  or '12345', regex used for validation is '(([A-Za-z0-9][-A-Za-z0-9_.]*)?[A-Za-z0-9])?')
Finding issues in commit messages using git format
WARNING: No release found for *********/bdd-nh-1582910159 and tag v0.0.1 so creating a new release
Updated the release information at https://github.com/*********/bdd-nh-1582910159/releases/tag/v0.0.1
generated: /workspace/source/charts/bdd-nh-1582910159/templates/release.yaml
Created Release bdd-nh-1582910159-0-0-1 resource in namespace **
Updating PipelineActivity *********-bdd-nh-1582910159-master-1 with version 0.0.1
Updated PipelineActivities *********-bdd-nh-1582910159-master-1 with release notes URL: https://github.com/*********/bdd-nh-1582910159/releases/tag/v0.0.1

Showing logs for build [32mjstrachan-bdd-nh-1582910159-mas-7fv7z-1[0m stage [32mfrom-build-pack[0m and container [32mstep-promote-helm-release[0m
WARNING: No $CHART_REPOSITORY defined so using the default value of: http://jenkins-x-chartmuseum:8080
Adding missing Helm repo: storage.googleapis.com https://storage.googleapis.com/chartmuseum.jenkins-x.io
Successfully added Helm repository storage.googleapis.com.
Adding missing Helm repo: jenkins-x-chartmuseum http://jenkins-x-chartmuseum:8080
Successfully added Helm repository jenkins-x-chartmuseum.
WARNING: No $CHART_REPOSITORY defined so using the default value of: http://jenkins-x-chartmuseum:8080
Uploading chart file bdd-nh-1582910159-0.0.1.tgz to http://jenkins-x-chartmuseum:8080/api/charts
Received 201 response: {"saved":true}

Showing logs for build [32mjstrachan-bdd-nh-1582910159-mas-7fv7z-1[0m stage [32mfrom-build-pack[0m and container [32mstep-promote-jx-promote[0m
WARNING: prow based install so skip waiting for the merge of Pull Requests to go green as currently there is an issue with gettingstatuses from the PR, see https://github.com/jenkins-x/**/issues/2410
WARNING: No $CHART_REPOSITORY defined so using the default value of: http://jenkins-x-chartmuseum:8080
Promoting app bdd-nh-1582910159 version 0.0.1 to namespace **-staging
WARNING: 
Created Pull Request: https://github.com/*********/environment-*********-**5-staging/pull/1
Added label updatebot to Pull Request https://github.com/*********/environment-*********-**5-staging/pull/1
got git provider status pending from PR https://github.com/*********/environment-*********-**5-staging/pull/1
got git provider status pending from PR https://github.com/*********/environment-*********-**5-staging/pull/1
got git provider status pending from PR https://github.com/*********/environment-*********-**5-staging/pull/1
got git provider status pending from PR https://github.com/*********/environment-*********-**5-staging/pull/1
Pull Request https://github.com/*********/environment-*********-**5-staging/pull/1 is merged at sha f9aaca1ad654d401ac0ed3836056648ab7d6f60c
Pull Request merged but we are not waiting for the update pipeline to complete!
WARNING: Could not find the service URL in namespace **-staging for names bdd-nh-1582910159, **-bdd-nh-1582910159, **-staging-bdd-nh-1582910159
